Analysis & Synthesis report for IIR
Thu Jun 27 20:19:28 2024
Quartus Prime Version 20.1.1 Build 720 11/11/2020 SJ Lite Edition


---------------------
; Table of Contents ;
---------------------
  1. Legal Notice
  2. Analysis & Synthesis Summary
  3. Analysis & Synthesis Settings
  4. Parallel Compilation
  5. Analysis & Synthesis Source Files Read
  6. Analysis & Synthesis Resource Usage Summary
  7. Analysis & Synthesis Resource Utilization by Entity
  8. General Register Statistics
  9. Parameter Settings for User Entity Instance: Top-level Entity: |iir_filter
 10. Parameter Settings for User Entity Instance: Slider:DS
 11. Parameter Settings for Inferred Entity Instance: lpm_mult:Mult3
 12. Parameter Settings for Inferred Entity Instance: lpm_mult:Mult2
 13. Parameter Settings for Inferred Entity Instance: lpm_mult:Mult1
 14. Parameter Settings for Inferred Entity Instance: lpm_mult:Mult0
 15. lpm_mult Parameter Settings by Entity Instance
 16. Post-Synthesis Netlist Statistics for Top Partition
 17. Elapsed Time Per Partition
 18. Analysis & Synthesis Messages



----------------
; Legal Notice ;
----------------
Copyright (C) 2020  Intel Corporation. All rights reserved.
Your use of Intel Corporation's design tools, logic functions 
and other software and tools, and any partner logic 
functions, and any output files from any of the foregoing 
(including device programming or simulation files), and any 
associated documentation or information are expressly subject 
to the terms and conditions of the Intel Program License 
Subscription Agreement, the Intel Quartus Prime License Agreement,
the Intel FPGA IP License Agreement, or other applicable license
agreement, including, without limitation, that your use is for
the sole purpose of programming logic devices manufactured by
Intel and sold by Intel or its authorized distributors.  Please
refer to the applicable agreement for further details, at
https://fpgasoftware.intel.com/eula.



+----------------------------------------------------------------------------------+
; Analysis & Synthesis Summary                                                     ;
+------------------------------------+---------------------------------------------+
; Analysis & Synthesis Status        ; Successful - Thu Jun 27 20:19:28 2024       ;
; Quartus Prime Version              ; 20.1.1 Build 720 11/11/2020 SJ Lite Edition ;
; Revision Name                      ; IIR                                         ;
; Top-level Entity Name              ; iir_filter                                  ;
; Family                             ; MAX 10                                      ;
; Total logic elements               ; 377                                         ;
;     Total combinational functions  ; 361                                         ;
;     Dedicated logic registers      ; 32                                          ;
; Total registers                    ; 32                                          ;
; Total pins                         ; 18                                          ;
; Total virtual pins                 ; 0                                           ;
; Total memory bits                  ; 0                                           ;
; Embedded Multiplier 9-bit elements ; 0                                           ;
; Total PLLs                         ; 0                                           ;
; UFM blocks                         ; 0                                           ;
; ADC blocks                         ; 0                                           ;
+------------------------------------+---------------------------------------------+


+------------------------------------------------------------------------------------------------------------+
; Analysis & Synthesis Settings                                                                              ;
+------------------------------------------------------------------+--------------------+--------------------+
; Option                                                           ; Setting            ; Default Value      ;
+------------------------------------------------------------------+--------------------+--------------------+
; Device                                                           ; 10M50DAF484C6GES   ;                    ;
; Top-level entity name                                            ; iir_filter         ; IIR                ;
; Family name                                                      ; MAX 10             ; Cyclone V          ;
; Use smart compilation                                            ; Off                ; Off                ;
; Enable parallel Assembler and Timing Analyzer during compilation ; On                 ; On                 ;
; Enable compact report table                                      ; Off                ; Off                ;
; Restructure Multiplexers                                         ; Auto               ; Auto               ;
; Create Debugging Nodes for IP Cores                              ; Off                ; Off                ;
; Preserve fewer node names                                        ; On                 ; On                 ;
; Intel FPGA IP Evaluation Mode                                    ; Enable             ; Enable             ;
; Verilog Version                                                  ; Verilog_2001       ; Verilog_2001       ;
; VHDL Version                                                     ; VHDL_1993          ; VHDL_1993          ;
; State Machine Processing                                         ; Auto               ; Auto               ;
; Safe State Machine                                               ; Off                ; Off                ;
; Extract Verilog State Machines                                   ; On                 ; On                 ;
; Extract VHDL State Machines                                      ; On                 ; On                 ;
; Ignore Verilog initial constructs                                ; Off                ; Off                ;
; Iteration limit for constant Verilog loops                       ; 5000               ; 5000               ;
; Iteration limit for non-constant Verilog loops                   ; 250                ; 250                ;
; Add Pass-Through Logic to Inferred RAMs                          ; On                 ; On                 ;
; Infer RAMs from Raw Logic                                        ; On                 ; On                 ;
; Parallel Synthesis                                               ; On                 ; On                 ;
; DSP Block Balancing                                              ; Auto               ; Auto               ;
; NOT Gate Push-Back                                               ; On                 ; On                 ;
; Power-Up Don't Care                                              ; On                 ; On                 ;
; Remove Redundant Logic Cells                                     ; Off                ; Off                ;
; Remove Duplicate Registers                                       ; On                 ; On                 ;
; Ignore CARRY Buffers                                             ; Off                ; Off                ;
; Ignore CASCADE Buffers                                           ; Off                ; Off                ;
; Ignore GLOBAL Buffers                                            ; Off                ; Off                ;
; Ignore ROW GLOBAL Buffers                                        ; Off                ; Off                ;
; Ignore LCELL Buffers                                             ; Off                ; Off                ;
; Ignore SOFT Buffers                                              ; On                 ; On                 ;
; Limit AHDL Integers to 32 Bits                                   ; Off                ; Off                ;
; Optimization Technique                                           ; Balanced           ; Balanced           ;
; Carry Chain Length                                               ; 70                 ; 70                 ;
; Auto Carry Chains                                                ; On                 ; On                 ;
; Auto Open-Drain Pins                                             ; On                 ; On                 ;
; Perform WYSIWYG Primitive Resynthesis                            ; Off                ; Off                ;
; Auto ROM Replacement                                             ; On                 ; On                 ;
; Auto RAM Replacement                                             ; On                 ; On                 ;
; Auto DSP Block Replacement                                       ; On                 ; On                 ;
; Auto Shift Register Replacement                                  ; Auto               ; Auto               ;
; Allow Shift Register Merging across Hierarchies                  ; Auto               ; Auto               ;
; Auto Clock Enable Replacement                                    ; On                 ; On                 ;
; Strict RAM Replacement                                           ; Off                ; Off                ;
; Allow Synchronous Control Signals                                ; On                 ; On                 ;
; Force Use of Synchronous Clear Signals                           ; Off                ; Off                ;
; Auto RAM Block Balancing                                         ; On                 ; On                 ;
; Auto RAM to Logic Cell Conversion                                ; Off                ; Off                ;
; Auto Resource Sharing                                            ; Off                ; Off                ;
; Allow Any RAM Size For Recognition                               ; Off                ; Off                ;
; Allow Any ROM Size For Recognition                               ; Off                ; Off                ;
; Allow Any Shift Register Size For Recognition                    ; Off                ; Off                ;
; Use LogicLock Constraints during Resource Balancing              ; On                 ; On                 ;
; Ignore translate_off and synthesis_off directives                ; Off                ; Off                ;
; Timing-Driven Synthesis                                          ; On                 ; On                 ;
; Report Parameter Settings                                        ; On                 ; On                 ;
; Report Source Assignments                                        ; On                 ; On                 ;
; Report Connectivity Checks                                       ; On                 ; On                 ;
; Ignore Maximum Fan-Out Assignments                               ; Off                ; Off                ;
; Synchronization Register Chain Length                            ; 2                  ; 2                  ;
; Power Optimization During Synthesis                              ; Normal compilation ; Normal compilation ;
; HDL message level                                                ; Level2             ; Level2             ;
; Suppress Register Optimization Related Messages                  ; Off                ; Off                ;
; Number of Removed Registers Reported in Synthesis Report         ; 5000               ; 5000               ;
; Number of Swept Nodes Reported in Synthesis Report               ; 5000               ; 5000               ;
; Number of Inverted Registers Reported in Synthesis Report        ; 100                ; 100                ;
; Clock MUX Protection                                             ; On                 ; On                 ;
; Auto Gated Clock Conversion                                      ; Off                ; Off                ;
; Block Design Naming                                              ; Auto               ; Auto               ;
; SDC constraint protection                                        ; Off                ; Off                ;
; Synthesis Effort                                                 ; Auto               ; Auto               ;
; Shift Register Replacement - Allow Asynchronous Clear Signal     ; On                 ; On                 ;
; Pre-Mapping Resynthesis Optimization                             ; Off                ; Off                ;
; Analysis & Synthesis Message Level                               ; Medium             ; Medium             ;
; Disable Register Merging Across Hierarchies                      ; Auto               ; Auto               ;
; Resource Aware Inference For Block RAM                           ; On                 ; On                 ;
+------------------------------------------------------------------+--------------------+--------------------+


+------------------------------------------+
; Parallel Compilation                     ;
+----------------------------+-------------+
; Processors                 ; Number      ;
+----------------------------+-------------+
; Number detected on machine ; 12          ;
; Maximum allowed            ; 10          ;
;                            ;             ;
; Average used               ; 1.00        ;
; Maximum used               ; 10          ;
;                            ;             ;
; Usage by Processor         ; % Time Used ;
;     Processor 1            ; 100.0%      ;
;     Processors 2-10        ;   0.0%      ;
+----------------------------+-------------+


+------------------------------------------------------------------------------------------------------------------------------------------------------------------------------+
; Analysis & Synthesis Source Files Read                                                                                                                                       ;
+----------------------------------+-----------------+------------------------------+--------------------------------------------------------------------------------+---------+
; File Name with User-Entered Path ; Used in Netlist ; File Type                    ; File Name with Absolute Path                                                   ; Library ;
+----------------------------------+-----------------+------------------------------+--------------------------------------------------------------------------------+---------+
; Slider.vhd                       ; yes             ; User VHDL File               ; C:/Users/apats/OneDrive/Documents/MSc Robotics/P203/Project/Slider.vhd         ;         ;
; iir_filter.vhd                   ; yes             ; User VHDL File               ; C:/Users/apats/OneDrive/Documents/MSc Robotics/P203/Project/iir_filter.vhd     ;         ;
; lpm_mult.tdf                     ; yes             ; Megafunction                 ; c:/intelfpga_lite/20.1/quartus/libraries/megafunctions/lpm_mult.tdf            ;         ;
; aglobal201.inc                   ; yes             ; Megafunction                 ; c:/intelfpga_lite/20.1/quartus/libraries/megafunctions/aglobal201.inc          ;         ;
; lpm_add_sub.inc                  ; yes             ; Megafunction                 ; c:/intelfpga_lite/20.1/quartus/libraries/megafunctions/lpm_add_sub.inc         ;         ;
; multcore.inc                     ; yes             ; Megafunction                 ; c:/intelfpga_lite/20.1/quartus/libraries/megafunctions/multcore.inc            ;         ;
; bypassff.inc                     ; yes             ; Megafunction                 ; c:/intelfpga_lite/20.1/quartus/libraries/megafunctions/bypassff.inc            ;         ;
; altshift.inc                     ; yes             ; Megafunction                 ; c:/intelfpga_lite/20.1/quartus/libraries/megafunctions/altshift.inc            ;         ;
; multcore.tdf                     ; yes             ; Megafunction                 ; c:/intelfpga_lite/20.1/quartus/libraries/megafunctions/multcore.tdf            ;         ;
; csa_add.inc                      ; yes             ; Megafunction                 ; c:/intelfpga_lite/20.1/quartus/libraries/megafunctions/csa_add.inc             ;         ;
; mpar_add.inc                     ; yes             ; Megafunction                 ; c:/intelfpga_lite/20.1/quartus/libraries/megafunctions/mpar_add.inc            ;         ;
; muleabz.inc                      ; yes             ; Megafunction                 ; c:/intelfpga_lite/20.1/quartus/libraries/megafunctions/muleabz.inc             ;         ;
; mul_lfrg.inc                     ; yes             ; Megafunction                 ; c:/intelfpga_lite/20.1/quartus/libraries/megafunctions/mul_lfrg.inc            ;         ;
; mul_boothc.inc                   ; yes             ; Megafunction                 ; c:/intelfpga_lite/20.1/quartus/libraries/megafunctions/mul_boothc.inc          ;         ;
; alt_ded_mult.inc                 ; yes             ; Megafunction                 ; c:/intelfpga_lite/20.1/quartus/libraries/megafunctions/alt_ded_mult.inc        ;         ;
; alt_ded_mult_y.inc               ; yes             ; Megafunction                 ; c:/intelfpga_lite/20.1/quartus/libraries/megafunctions/alt_ded_mult_y.inc      ;         ;
; dffpipe.inc                      ; yes             ; Megafunction                 ; c:/intelfpga_lite/20.1/quartus/libraries/megafunctions/dffpipe.inc             ;         ;
; mpar_add.tdf                     ; yes             ; Megafunction                 ; c:/intelfpga_lite/20.1/quartus/libraries/megafunctions/mpar_add.tdf            ;         ;
; lpm_add_sub.tdf                  ; yes             ; Megafunction                 ; c:/intelfpga_lite/20.1/quartus/libraries/megafunctions/lpm_add_sub.tdf         ;         ;
; addcore.inc                      ; yes             ; Megafunction                 ; c:/intelfpga_lite/20.1/quartus/libraries/megafunctions/addcore.inc             ;         ;
; look_add.inc                     ; yes             ; Megafunction                 ; c:/intelfpga_lite/20.1/quartus/libraries/megafunctions/look_add.inc            ;         ;
; alt_stratix_add_sub.inc          ; yes             ; Megafunction                 ; c:/intelfpga_lite/20.1/quartus/libraries/megafunctions/alt_stratix_add_sub.inc ;         ;
; db/add_sub_1vg.tdf               ; yes             ; Auto-Generated Megafunction  ; C:/Users/apats/OneDrive/Documents/MSc Robotics/P203/Project/db/add_sub_1vg.tdf ;         ;
; altshift.tdf                     ; yes             ; Megafunction                 ; c:/intelfpga_lite/20.1/quartus/libraries/megafunctions/altshift.tdf            ;         ;
; db/add_sub_2vg.tdf               ; yes             ; Auto-Generated Megafunction  ; C:/Users/apats/OneDrive/Documents/MSc Robotics/P203/Project/db/add_sub_2vg.tdf ;         ;
+----------------------------------+-----------------+------------------------------+--------------------------------------------------------------------------------+---------+


+-------------------------------------------------------------+
; Analysis & Synthesis Resource Usage Summary                 ;
+---------------------------------------------+---------------+
; Resource                                    ; Usage         ;
+---------------------------------------------+---------------+
; Estimated Total logic elements              ; 377           ;
;                                             ;               ;
; Total combinational functions               ; 361           ;
; Logic element usage by number of LUT inputs ;               ;
;     -- 4 input functions                    ; 118           ;
;     -- 3 input functions                    ; 189           ;
;     -- <=2 input functions                  ; 54            ;
;                                             ;               ;
; Logic elements by mode                      ;               ;
;     -- normal mode                          ; 166           ;
;     -- arithmetic mode                      ; 195           ;
;                                             ;               ;
; Total registers                             ; 32            ;
;     -- Dedicated logic registers            ; 32            ;
;     -- I/O registers                        ; 0             ;
;                                             ;               ;
; I/O pins                                    ; 18            ;
;                                             ;               ;
; Embedded Multiplier 9-bit elements          ; 0             ;
;                                             ;               ;
; Maximum fan-out node                        ; reset_n~input ;
; Maximum fan-out                             ; 32            ;
; Total fan-out                               ; 1250          ;
; Average fan-out                             ; 2.91          ;
+---------------------------------------------+---------------+


+-----------------------------------------------------------------------------------------------------------------------------------------------------------------------------------------------------------------------------------------------------------------------------------------------------------------------------------------------+
; Analysis & Synthesis Resource Utilization by Entity                                                                                                                                                                                                                                                                                           ;
+---------------------------------------------+---------------------+---------------------------+-------------+------------+--------------+---------+-----------+------+--------------+------------+---------------------------------------------------------------------------------------------------------------+-------------+--------------+
; Compilation Hierarchy Node                  ; Combinational ALUTs ; Dedicated Logic Registers ; Memory Bits ; UFM Blocks ; DSP Elements ; DSP 9x9 ; DSP 18x18 ; Pins ; Virtual Pins ; ADC blocks ; Full Hierarchy Name                                                                                           ; Entity Name ; Library Name ;
+---------------------------------------------+---------------------+---------------------------+-------------+------------+--------------+---------+-----------+------+--------------+------------+---------------------------------------------------------------------------------------------------------------+-------------+--------------+
; |iir_filter                                 ; 361 (139)           ; 32 (16)                   ; 0           ; 0          ; 0            ; 0       ; 0         ; 18   ; 0            ; 0          ; |iir_filter                                                                                                   ; iir_filter  ; work         ;
;    |Slider:DS|                              ; 0 (0)               ; 16 (16)                   ; 0           ; 0          ; 0            ; 0       ; 0         ; 0    ; 0            ; 0          ; |iir_filter|Slider:DS                                                                                         ; Slider      ; work         ;
;    |lpm_mult:Mult0|                         ; 55 (0)              ; 0 (0)                     ; 0           ; 0          ; 0            ; 0       ; 0         ; 0    ; 0            ; 0          ; |iir_filter|lpm_mult:Mult0                                                                                    ; lpm_mult    ; work         ;
;       |multcore:mult_core|                  ; 55 (34)             ; 0 (0)                     ; 0           ; 0          ; 0            ; 0       ; 0         ; 0    ; 0            ; 0          ; |iir_filter|lpm_mult:Mult0|multcore:mult_core                                                                 ; multcore    ; work         ;
;          |mpar_add:padder|                  ; 21 (0)              ; 0 (0)                     ; 0           ; 0          ; 0            ; 0       ; 0         ; 0    ; 0            ; 0          ; |iir_filter|lpm_mult:Mult0|multcore:mult_core|mpar_add:padder                                                 ; mpar_add    ; work         ;
;             |lpm_add_sub:adder[0]|          ; 21 (0)              ; 0 (0)                     ; 0           ; 0          ; 0            ; 0       ; 0         ; 0    ; 0            ; 0          ; |iir_filter|lpm_mult:Mult0|multcore:mult_core|mpar_add:padder|lpm_add_sub:adder[0]                            ; lpm_add_sub ; work         ;
;                |add_sub_2vg:auto_generated| ; 21 (21)             ; 0 (0)                     ; 0           ; 0          ; 0            ; 0       ; 0         ; 0    ; 0            ; 0          ; |iir_filter|lpm_mult:Mult0|multcore:mult_core|mpar_add:padder|lpm_add_sub:adder[0]|add_sub_2vg:auto_generated ; add_sub_2vg ; work         ;
;    |lpm_mult:Mult1|                         ; 55 (0)              ; 0 (0)                     ; 0           ; 0          ; 0            ; 0       ; 0         ; 0    ; 0            ; 0          ; |iir_filter|lpm_mult:Mult1                                                                                    ; lpm_mult    ; work         ;
;       |multcore:mult_core|                  ; 55 (35)             ; 0 (0)                     ; 0           ; 0          ; 0            ; 0       ; 0         ; 0    ; 0            ; 0          ; |iir_filter|lpm_mult:Mult1|multcore:mult_core                                                                 ; multcore    ; work         ;
;          |mpar_add:padder|                  ; 20 (0)              ; 0 (0)                     ; 0           ; 0          ; 0            ; 0       ; 0         ; 0    ; 0            ; 0          ; |iir_filter|lpm_mult:Mult1|multcore:mult_core|mpar_add:padder                                                 ; mpar_add    ; work         ;
;             |lpm_add_sub:adder[0]|          ; 20 (0)              ; 0 (0)                     ; 0           ; 0          ; 0            ; 0       ; 0         ; 0    ; 0            ; 0          ; |iir_filter|lpm_mult:Mult1|multcore:mult_core|mpar_add:padder|lpm_add_sub:adder[0]                            ; lpm_add_sub ; work         ;
;                |add_sub_1vg:auto_generated| ; 20 (20)             ; 0 (0)                     ; 0           ; 0          ; 0            ; 0       ; 0         ; 0    ; 0            ; 0          ; |iir_filter|lpm_mult:Mult1|multcore:mult_core|mpar_add:padder|lpm_add_sub:adder[0]|add_sub_1vg:auto_generated ; add_sub_1vg ; work         ;
;    |lpm_mult:Mult2|                         ; 57 (0)              ; 0 (0)                     ; 0           ; 0          ; 0            ; 0       ; 0         ; 0    ; 0            ; 0          ; |iir_filter|lpm_mult:Mult2                                                                                    ; lpm_mult    ; work         ;
;       |multcore:mult_core|                  ; 57 (36)             ; 0 (0)                     ; 0           ; 0          ; 0            ; 0       ; 0         ; 0    ; 0            ; 0          ; |iir_filter|lpm_mult:Mult2|multcore:mult_core                                                                 ; multcore    ; work         ;
;          |mpar_add:padder|                  ; 21 (0)              ; 0 (0)                     ; 0           ; 0          ; 0            ; 0       ; 0         ; 0    ; 0            ; 0          ; |iir_filter|lpm_mult:Mult2|multcore:mult_core|mpar_add:padder                                                 ; mpar_add    ; work         ;
;             |lpm_add_sub:adder[0]|          ; 21 (0)              ; 0 (0)                     ; 0           ; 0          ; 0            ; 0       ; 0         ; 0    ; 0            ; 0          ; |iir_filter|lpm_mult:Mult2|multcore:mult_core|mpar_add:padder|lpm_add_sub:adder[0]                            ; lpm_add_sub ; work         ;
;                |add_sub_2vg:auto_generated| ; 21 (21)             ; 0 (0)                     ; 0           ; 0          ; 0            ; 0       ; 0         ; 0    ; 0            ; 0          ; |iir_filter|lpm_mult:Mult2|multcore:mult_core|mpar_add:padder|lpm_add_sub:adder[0]|add_sub_2vg:auto_generated ; add_sub_2vg ; work         ;
;    |lpm_mult:Mult3|                         ; 55 (0)              ; 0 (0)                     ; 0           ; 0          ; 0            ; 0       ; 0         ; 0    ; 0            ; 0          ; |iir_filter|lpm_mult:Mult3                                                                                    ; lpm_mult    ; work         ;
;       |multcore:mult_core|                  ; 55 (35)             ; 0 (0)                     ; 0           ; 0          ; 0            ; 0       ; 0         ; 0    ; 0            ; 0          ; |iir_filter|lpm_mult:Mult3|multcore:mult_core                                                                 ; multcore    ; work         ;
;          |mpar_add:padder|                  ; 20 (0)              ; 0 (0)                     ; 0           ; 0          ; 0            ; 0       ; 0         ; 0    ; 0            ; 0          ; |iir_filter|lpm_mult:Mult3|multcore:mult_core|mpar_add:padder                                                 ; mpar_add    ; work         ;
;             |lpm_add_sub:adder[0]|          ; 20 (0)              ; 0 (0)                     ; 0           ; 0          ; 0            ; 0       ; 0         ; 0    ; 0            ; 0          ; |iir_filter|lpm_mult:Mult3|multcore:mult_core|mpar_add:padder|lpm_add_sub:adder[0]                            ; lpm_add_sub ; work         ;
;                |add_sub_1vg:auto_generated| ; 20 (20)             ; 0 (0)                     ; 0           ; 0          ; 0            ; 0       ; 0         ; 0    ; 0            ; 0          ; |iir_filter|lpm_mult:Mult3|multcore:mult_core|mpar_add:padder|lpm_add_sub:adder[0]|add_sub_1vg:auto_generated ; add_sub_1vg ; work         ;
+---------------------------------------------+---------------------+---------------------------+-------------+------------+--------------+---------+-----------+------+--------------+------------+---------------------------------------------------------------------------------------------------------------+-------------+--------------+
Note: For table entries with two numbers listed, the numbers in parentheses indicate the number of resources of the given type used by the specific entity alone. The numbers listed outside of parentheses indicate the total resources of the given type used by the specific entity and all of its sub-entities in the hierarchy.


+------------------------------------------------------+
; General Register Statistics                          ;
+----------------------------------------------+-------+
; Statistic                                    ; Value ;
+----------------------------------------------+-------+
; Total registers                              ; 32    ;
; Number of registers using Synchronous Clear  ; 0     ;
; Number of registers using Synchronous Load   ; 0     ;
; Number of registers using Asynchronous Clear ; 16    ;
; Number of registers using Asynchronous Load  ; 0     ;
; Number of registers using Clock Enable       ; 0     ;
; Number of registers using Preset             ; 0     ;
+----------------------------------------------+-------+


+----------------------------------------------------------------------------+
; Parameter Settings for User Entity Instance: Top-level Entity: |iir_filter ;
+----------------+-------+---------------------------------------------------+
; Parameter Name ; Value ; Type                                              ;
+----------------+-------+---------------------------------------------------+
; WORD_WIDTH     ; 8     ; Signed Integer                                    ;
+----------------+-------+---------------------------------------------------+
Note: In order to hide this table in the UI and the text report file, please set the "Show Parameter Settings in Synthesis Report" option in "Analysis and Synthesis Settings -> More Settings" to "Off".


+--------------------------------------------------------+
; Parameter Settings for User Entity Instance: Slider:DS ;
+----------------+-------+-------------------------------+
; Parameter Name ; Value ; Type                          ;
+----------------+-------+-------------------------------+
; word_width     ; 8     ; Signed Integer                ;
; size           ; 2     ; Signed Integer                ;
+----------------+-------+-------------------------------+
Note: In order to hide this table in the UI and the text report file, please set the "Show Parameter Settings in Synthesis Report" option in "Analysis and Synthesis Settings -> More Settings" to "Off".


+--------------------------------------------------------------------------------+
; Parameter Settings for Inferred Entity Instance: lpm_mult:Mult3                ;
+------------------------------------------------+---------+---------------------+
; Parameter Name                                 ; Value   ; Type                ;
+------------------------------------------------+---------+---------------------+
; AUTO_CARRY_CHAINS                              ; ON      ; AUTO_CARRY          ;
; IGNORE_CARRY_BUFFERS                           ; OFF     ; IGNORE_CARRY        ;
; AUTO_CASCADE_CHAINS                            ; ON      ; AUTO_CASCADE        ;
; IGNORE_CASCADE_BUFFERS                         ; OFF     ; IGNORE_CASCADE      ;
; LPM_WIDTHA                                     ; 16      ; Untyped             ;
; LPM_WIDTHB                                     ; 8       ; Untyped             ;
; LPM_WIDTHP                                     ; 24      ; Untyped             ;
; LPM_WIDTHR                                     ; 24      ; Untyped             ;
; LPM_WIDTHS                                     ; 1       ; Untyped             ;
; LPM_REPRESENTATION                             ; SIGNED  ; Untyped             ;
; LPM_PIPELINE                                   ; 0       ; Untyped             ;
; LATENCY                                        ; 0       ; Untyped             ;
; INPUT_A_IS_CONSTANT                            ; YES     ; Untyped             ;
; INPUT_B_IS_CONSTANT                            ; NO      ; Untyped             ;
; USE_EAB                                        ; OFF     ; Untyped             ;
; MAXIMIZE_SPEED                                 ; 5       ; Untyped             ;
; DEVICE_FAMILY                                  ; MAX 10  ; Untyped             ;
; CARRY_CHAIN                                    ; MANUAL  ; Untyped             ;
; APEX20K_TECHNOLOGY_MAPPER                      ; LUT     ; TECH_MAPPER_APEX20K ;
; DEDICATED_MULTIPLIER_CIRCUITRY                 ; AUTO    ; Untyped             ;
; DEDICATED_MULTIPLIER_MIN_INPUT_WIDTH_FOR_AUTO  ; 0       ; Untyped             ;
; DEDICATED_MULTIPLIER_MIN_OUTPUT_WIDTH_FOR_AUTO ; 0       ; Untyped             ;
; CBXI_PARAMETER                                 ; NOTHING ; Untyped             ;
; INPUT_A_FIXED_VALUE                            ; Bx      ; Untyped             ;
; INPUT_B_FIXED_VALUE                            ; Bx      ; Untyped             ;
; USE_AHDL_IMPLEMENTATION                        ; OFF     ; Untyped             ;
+------------------------------------------------+---------+---------------------+
Note: In order to hide this table in the UI and the text report file, please set the "Show Parameter Settings in Synthesis Report" option in "Analysis and Synthesis Settings -> More Settings" to "Off".


+--------------------------------------------------------------------------------+
; Parameter Settings for Inferred Entity Instance: lpm_mult:Mult2                ;
+------------------------------------------------+---------+---------------------+
; Parameter Name                                 ; Value   ; Type                ;
+------------------------------------------------+---------+---------------------+
; AUTO_CARRY_CHAINS                              ; ON      ; AUTO_CARRY          ;
; IGNORE_CARRY_BUFFERS                           ; OFF     ; IGNORE_CARRY        ;
; AUTO_CASCADE_CHAINS                            ; ON      ; AUTO_CASCADE        ;
; IGNORE_CASCADE_BUFFERS                         ; OFF     ; IGNORE_CASCADE      ;
; LPM_WIDTHA                                     ; 17      ; Untyped             ;
; LPM_WIDTHB                                     ; 8       ; Untyped             ;
; LPM_WIDTHP                                     ; 25      ; Untyped             ;
; LPM_WIDTHR                                     ; 25      ; Untyped             ;
; LPM_WIDTHS                                     ; 1       ; Untyped             ;
; LPM_REPRESENTATION                             ; SIGNED  ; Untyped             ;
; LPM_PIPELINE                                   ; 0       ; Untyped             ;
; LATENCY                                        ; 0       ; Untyped             ;
; INPUT_A_IS_CONSTANT                            ; YES     ; Untyped             ;
; INPUT_B_IS_CONSTANT                            ; NO      ; Untyped             ;
; USE_EAB                                        ; OFF     ; Untyped             ;
; MAXIMIZE_SPEED                                 ; 5       ; Untyped             ;
; DEVICE_FAMILY                                  ; MAX 10  ; Untyped             ;
; CARRY_CHAIN                                    ; MANUAL  ; Untyped             ;
; APEX20K_TECHNOLOGY_MAPPER                      ; LUT     ; TECH_MAPPER_APEX20K ;
; DEDICATED_MULTIPLIER_CIRCUITRY                 ; AUTO    ; Untyped             ;
; DEDICATED_MULTIPLIER_MIN_INPUT_WIDTH_FOR_AUTO  ; 0       ; Untyped             ;
; DEDICATED_MULTIPLIER_MIN_OUTPUT_WIDTH_FOR_AUTO ; 0       ; Untyped             ;
; CBXI_PARAMETER                                 ; NOTHING ; Untyped             ;
; INPUT_A_FIXED_VALUE                            ; Bx      ; Untyped             ;
; INPUT_B_FIXED_VALUE                            ; Bx      ; Untyped             ;
; USE_AHDL_IMPLEMENTATION                        ; OFF     ; Untyped             ;
+------------------------------------------------+---------+---------------------+
Note: In order to hide this table in the UI and the text report file, please set the "Show Parameter Settings in Synthesis Report" option in "Analysis and Synthesis Settings -> More Settings" to "Off".


+--------------------------------------------------------------------------------+
; Parameter Settings for Inferred Entity Instance: lpm_mult:Mult1                ;
+------------------------------------------------+---------+---------------------+
; Parameter Name                                 ; Value   ; Type                ;
+------------------------------------------------+---------+---------------------+
; AUTO_CARRY_CHAINS                              ; ON      ; AUTO_CARRY          ;
; IGNORE_CARRY_BUFFERS                           ; OFF     ; IGNORE_CARRY        ;
; AUTO_CASCADE_CHAINS                            ; ON      ; AUTO_CASCADE        ;
; IGNORE_CASCADE_BUFFERS                         ; OFF     ; IGNORE_CASCADE      ;
; LPM_WIDTHA                                     ; 16      ; Untyped             ;
; LPM_WIDTHB                                     ; 8       ; Untyped             ;
; LPM_WIDTHP                                     ; 24      ; Untyped             ;
; LPM_WIDTHR                                     ; 24      ; Untyped             ;
; LPM_WIDTHS                                     ; 1       ; Untyped             ;
; LPM_REPRESENTATION                             ; SIGNED  ; Untyped             ;
; LPM_PIPELINE                                   ; 0       ; Untyped             ;
; LATENCY                                        ; 0       ; Untyped             ;
; INPUT_A_IS_CONSTANT                            ; YES     ; Untyped             ;
; INPUT_B_IS_CONSTANT                            ; NO      ; Untyped             ;
; USE_EAB                                        ; OFF     ; Untyped             ;
; MAXIMIZE_SPEED                                 ; 5       ; Untyped             ;
; DEVICE_FAMILY                                  ; MAX 10  ; Untyped             ;
; CARRY_CHAIN                                    ; MANUAL  ; Untyped             ;
; APEX20K_TECHNOLOGY_MAPPER                      ; LUT     ; TECH_MAPPER_APEX20K ;
; DEDICATED_MULTIPLIER_CIRCUITRY                 ; AUTO    ; Untyped             ;
; DEDICATED_MULTIPLIER_MIN_INPUT_WIDTH_FOR_AUTO  ; 0       ; Untyped             ;
; DEDICATED_MULTIPLIER_MIN_OUTPUT_WIDTH_FOR_AUTO ; 0       ; Untyped             ;
; CBXI_PARAMETER                                 ; NOTHING ; Untyped             ;
; INPUT_A_FIXED_VALUE                            ; Bx      ; Untyped             ;
; INPUT_B_FIXED_VALUE                            ; Bx      ; Untyped             ;
; USE_AHDL_IMPLEMENTATION                        ; OFF     ; Untyped             ;
+------------------------------------------------+---------+---------------------+
Note: In order to hide this table in the UI and the text report file, please set the "Show Parameter Settings in Synthesis Report" option in "Analysis and Synthesis Settings -> More Settings" to "Off".


+--------------------------------------------------------------------------------+
; Parameter Settings for Inferred Entity Instance: lpm_mult:Mult0                ;
+------------------------------------------------+---------+---------------------+
; Parameter Name                                 ; Value   ; Type                ;
+------------------------------------------------+---------+---------------------+
; AUTO_CARRY_CHAINS                              ; ON      ; AUTO_CARRY          ;
; IGNORE_CARRY_BUFFERS                           ; OFF     ; IGNORE_CARRY        ;
; AUTO_CASCADE_CHAINS                            ; ON      ; AUTO_CASCADE        ;
; IGNORE_CASCADE_BUFFERS                         ; OFF     ; IGNORE_CASCADE      ;
; LPM_WIDTHA                                     ; 17      ; Untyped             ;
; LPM_WIDTHB                                     ; 8       ; Untyped             ;
; LPM_WIDTHP                                     ; 25      ; Untyped             ;
; LPM_WIDTHR                                     ; 25      ; Untyped             ;
; LPM_WIDTHS                                     ; 1       ; Untyped             ;
; LPM_REPRESENTATION                             ; SIGNED  ; Untyped             ;
; LPM_PIPELINE                                   ; 0       ; Untyped             ;
; LATENCY                                        ; 0       ; Untyped             ;
; INPUT_A_IS_CONSTANT                            ; YES     ; Untyped             ;
; INPUT_B_IS_CONSTANT                            ; NO      ; Untyped             ;
; USE_EAB                                        ; OFF     ; Untyped             ;
; MAXIMIZE_SPEED                                 ; 5       ; Untyped             ;
; DEVICE_FAMILY                                  ; MAX 10  ; Untyped             ;
; CARRY_CHAIN                                    ; MANUAL  ; Untyped             ;
; APEX20K_TECHNOLOGY_MAPPER                      ; LUT     ; TECH_MAPPER_APEX20K ;
; DEDICATED_MULTIPLIER_CIRCUITRY                 ; AUTO    ; Untyped             ;
; DEDICATED_MULTIPLIER_MIN_INPUT_WIDTH_FOR_AUTO  ; 0       ; Untyped             ;
; DEDICATED_MULTIPLIER_MIN_OUTPUT_WIDTH_FOR_AUTO ; 0       ; Untyped             ;
; CBXI_PARAMETER                                 ; NOTHING ; Untyped             ;
; INPUT_A_FIXED_VALUE                            ; Bx      ; Untyped             ;
; INPUT_B_FIXED_VALUE                            ; Bx      ; Untyped             ;
; USE_AHDL_IMPLEMENTATION                        ; OFF     ; Untyped             ;
+------------------------------------------------+---------+---------------------+
Note: In order to hide this table in the UI and the text report file, please set the "Show Parameter Settings in Synthesis Report" option in "Analysis and Synthesis Settings -> More Settings" to "Off".


+--------------------------------------------------------+
; lpm_mult Parameter Settings by Entity Instance         ;
+---------------------------------------+----------------+
; Name                                  ; Value          ;
+---------------------------------------+----------------+
; Number of entity instances            ; 4              ;
; Entity Instance                       ; lpm_mult:Mult3 ;
;     -- LPM_WIDTHA                     ; 16             ;
;     -- LPM_WIDTHB                     ; 8              ;
;     -- LPM_WIDTHP                     ; 24             ;
;     -- LPM_REPRESENTATION             ; SIGNED         ;
;     -- INPUT_A_IS_CONSTANT            ; YES            ;
;     -- INPUT_B_IS_CONSTANT            ; NO             ;
;     -- USE_EAB                        ; OFF            ;
;     -- DEDICATED_MULTIPLIER_CIRCUITRY ; AUTO           ;
;     -- INPUT_A_FIXED_VALUE            ; Bx             ;
;     -- INPUT_B_FIXED_VALUE            ; Bx             ;
; Entity Instance                       ; lpm_mult:Mult2 ;
;     -- LPM_WIDTHA                     ; 17             ;
;     -- LPM_WIDTHB                     ; 8              ;
;     -- LPM_WIDTHP                     ; 25             ;
;     -- LPM_REPRESENTATION             ; SIGNED         ;
;     -- INPUT_A_IS_CONSTANT            ; YES            ;
;     -- INPUT_B_IS_CONSTANT            ; NO             ;
;     -- USE_EAB                        ; OFF            ;
;     -- DEDICATED_MULTIPLIER_CIRCUITRY ; AUTO           ;
;     -- INPUT_A_FIXED_VALUE            ; Bx             ;
;     -- INPUT_B_FIXED_VALUE            ; Bx             ;
; Entity Instance                       ; lpm_mult:Mult1 ;
;     -- LPM_WIDTHA                     ; 16             ;
;     -- LPM_WIDTHB                     ; 8              ;
;     -- LPM_WIDTHP                     ; 24             ;
;     -- LPM_REPRESENTATION             ; SIGNED         ;
;     -- INPUT_A_IS_CONSTANT            ; YES            ;
;     -- INPUT_B_IS_CONSTANT            ; NO             ;
;     -- USE_EAB                        ; OFF            ;
;     -- DEDICATED_MULTIPLIER_CIRCUITRY ; AUTO           ;
;     -- INPUT_A_FIXED_VALUE            ; Bx             ;
;     -- INPUT_B_FIXED_VALUE            ; Bx             ;
; Entity Instance                       ; lpm_mult:Mult0 ;
;     -- LPM_WIDTHA                     ; 17             ;
;     -- LPM_WIDTHB                     ; 8              ;
;     -- LPM_WIDTHP                     ; 25             ;
;     -- LPM_REPRESENTATION             ; SIGNED         ;
;     -- INPUT_A_IS_CONSTANT            ; YES            ;
;     -- INPUT_B_IS_CONSTANT            ; NO             ;
;     -- USE_EAB                        ; OFF            ;
;     -- DEDICATED_MULTIPLIER_CIRCUITRY ; AUTO           ;
;     -- INPUT_A_FIXED_VALUE            ; Bx             ;
;     -- INPUT_B_FIXED_VALUE            ; Bx             ;
+---------------------------------------+----------------+


+-----------------------------------------------------+
; Post-Synthesis Netlist Statistics for Top Partition ;
+-----------------------+-----------------------------+
; Type                  ; Count                       ;
+-----------------------+-----------------------------+
; boundary_port         ; 18                          ;
; cycloneiii_ff         ; 32                          ;
;     CLR               ; 16                          ;
;     plain             ; 16                          ;
; cycloneiii_lcell_comb ; 361                         ;
;     arith             ; 195                         ;
;         2 data inputs ; 16                          ;
;         3 data inputs ; 179                         ;
;     normal            ; 166                         ;
;         1 data inputs ; 3                           ;
;         2 data inputs ; 35                          ;
;         3 data inputs ; 10                          ;
;         4 data inputs ; 118                         ;
;                       ;                             ;
; Max LUT depth         ; 8.40                        ;
; Average LUT depth     ; 6.95                        ;
+-----------------------+-----------------------------+


+-------------------------------+
; Elapsed Time Per Partition    ;
+----------------+--------------+
; Partition Name ; Elapsed Time ;
+----------------+--------------+
; Top            ; 00:00:01     ;
+----------------+--------------+


+-------------------------------+
; Analysis & Synthesis Messages ;
+-------------------------------+
Info: *******************************************************************
Info: Running Quartus Prime Analysis & Synthesis
    Info: Version 20.1.1 Build 720 11/11/2020 SJ Lite Edition
    Info: Processing started: Thu Jun 27 20:19:19 2024
Info: Command: quartus_map --read_settings_files=on --write_settings_files=off IIR -c IIR
Warning (18236): Number of processors has not been specified which may cause overloading on shared machines.  Set the global assignment NUM_PARALLEL_PROCESSORS in your QSF to an appropriate value for best performance.
Info (20030): Parallel compilation is enabled and will use 10 of the 10 processors detected
Info (12021): Found 2 design units, including 1 entities, in source file slider.vhd
    Info (12022): Found design unit 1: Slider-Slider_Arch File: C:/Users/apats/OneDrive/Documents/MSc Robotics/P203/Project/Slider.vhd Line: 21
    Info (12023): Found entity 1: Slider File: C:/Users/apats/OneDrive/Documents/MSc Robotics/P203/Project/Slider.vhd Line: 6
Info (12021): Found 2 design units, including 1 entities, in source file slider_tb.vhd
    Info (12022): Found design unit 1: Slider_tb-Slider_tb_Arch File: C:/Users/apats/OneDrive/Documents/MSc Robotics/P203/Project/Slider_TB.vhd Line: 8
    Info (12023): Found entity 1: Slider_tb File: C:/Users/apats/OneDrive/Documents/MSc Robotics/P203/Project/Slider_TB.vhd Line: 5
Info (12021): Found 2 design units, including 1 entities, in source file iir_filter.vhd
    Info (12022): Found design unit 1: iir_filter-iir_arch File: C:/Users/apats/OneDrive/Documents/MSc Robotics/P203/Project/iir_filter.vhd Line: 19
    Info (12023): Found entity 1: iir_filter File: C:/Users/apats/OneDrive/Documents/MSc Robotics/P203/Project/iir_filter.vhd Line: 5
Info (12021): Found 2 design units, including 1 entities, in source file iir_filter_tb.vhd
    Info (12022): Found design unit 1: iir_filter_tb-tb_arch File: C:/Users/apats/OneDrive/Documents/MSc Robotics/P203/Project/iir_filter_tb.vhd Line: 10
    Info (12023): Found entity 1: iir_filter_tb File: C:/Users/apats/OneDrive/Documents/MSc Robotics/P203/Project/iir_filter_tb.vhd Line: 7
Info (12127): Elaborating entity "iir_filter" for the top level hierarchy
Warning (10540): VHDL Signal Declaration warning at iir_filter.vhd(25): used explicit default value for signal "b" because signal was never assigned a value File: C:/Users/apats/OneDrive/Documents/MSc Robotics/P203/Project/iir_filter.vhd Line: 25
Warning (10540): VHDL Signal Declaration warning at iir_filter.vhd(26): used explicit default value for signal "a" because signal was never assigned a value File: C:/Users/apats/OneDrive/Documents/MSc Robotics/P203/Project/iir_filter.vhd Line: 26
Warning (10492): VHDL Process Statement warning at iir_filter.vhd(81): signal "a" is read inside the Process Statement but isn't in the Process Statement's sensitivity list File: C:/Users/apats/OneDrive/Documents/MSc Robotics/P203/Project/iir_filter.vhd Line: 81
Warning (10492): VHDL Process Statement warning at iir_filter.vhd(85): signal "b" is read inside the Process Statement but isn't in the Process Statement's sensitivity list File: C:/Users/apats/OneDrive/Documents/MSc Robotics/P203/Project/iir_filter.vhd Line: 85
Info (12128): Elaborating entity "Slider" for hierarchy "Slider:DS" File: C:/Users/apats/OneDrive/Documents/MSc Robotics/P203/Project/iir_filter.vhd Line: 49
Info (278001): Inferred 4 megafunctions from design logic
    Info (278003): Inferred multiplier megafunction ("lpm_mult") from the following logic: "Mult3" File: C:/Users/apats/OneDrive/Documents/MSc Robotics/P203/Project/iir_filter.vhd Line: 85
    Info (278003): Inferred multiplier megafunction ("lpm_mult") from the following logic: "Mult2" File: C:/Users/apats/OneDrive/Documents/MSc Robotics/P203/Project/iir_filter.vhd Line: 85
    Info (278003): Inferred multiplier megafunction ("lpm_mult") from the following logic: "Mult1" File: C:/Users/apats/OneDrive/Documents/MSc Robotics/P203/Project/iir_filter.vhd Line: 85
    Info (278003): Inferred multiplier megafunction ("lpm_mult") from the following logic: "Mult0" File: C:/Users/apats/OneDrive/Documents/MSc Robotics/P203/Project/iir_filter.vhd Line: 81
Info (12130): Elaborated megafunction instantiation "lpm_mult:Mult3" File: C:/Users/apats/OneDrive/Documents/MSc Robotics/P203/Project/iir_filter.vhd Line: 85
Info (12133): Instantiated megafunction "lpm_mult:Mult3" with the following parameter: File: C:/Users/apats/OneDrive/Documents/MSc Robotics/P203/Project/iir_filter.vhd Line: 85
    Info (12134): Parameter "LPM_WIDTHA" = "16"
    Info (12134): Parameter "LPM_WIDTHB" = "8"
    Info (12134): Parameter "LPM_WIDTHP" = "24"
    Info (12134): Parameter "LPM_WIDTHR" = "24"
    Info (12134): Parameter "LPM_WIDTHS" = "1"
    Info (12134): Parameter "LPM_REPRESENTATION" = "SIGNED"
    Info (12134): Parameter "INPUT_A_IS_CONSTANT" = "YES"
    Info (12134): Parameter "INPUT_B_IS_CONSTANT" = "NO"
    Info (12134): Parameter "MAXIMIZE_SPEED" = "5"
Info (12131): Elaborated megafunction instantiation "lpm_mult:Mult3|multcore:mult_core", which is child of megafunction instantiation "lpm_mult:Mult3" File: c:/intelfpga_lite/20.1/quartus/libraries/megafunctions/lpm_mult.tdf Line: 309
Info (12131): Elaborated megafunction instantiation "lpm_mult:Mult3|multcore:mult_core|mpar_add:padder", which is child of megafunction instantiation "lpm_mult:Mult3" File: c:/intelfpga_lite/20.1/quartus/libraries/megafunctions/multcore.tdf Line: 229
Info (12131): Elaborated megafunction instantiation "lpm_mult:Mult3|multcore:mult_core|mpar_add:padder|lpm_add_sub:adder[0]", which is child of megafunction instantiation "lpm_mult:Mult3" File: c:/intelfpga_lite/20.1/quartus/libraries/megafunctions/mpar_add.tdf Line: 115
Info (12021): Found 1 design units, including 1 entities, in source file db/add_sub_1vg.tdf
    Info (12023): Found entity 1: add_sub_1vg File: C:/Users/apats/OneDrive/Documents/MSc Robotics/P203/Project/db/add_sub_1vg.tdf Line: 23
Info (12131): Elaborated megafunction instantiation "lpm_mult:Mult3|altshift:external_latency_ffs", which is child of megafunction instantiation "lpm_mult:Mult3" File: c:/intelfpga_lite/20.1/quartus/libraries/megafunctions/lpm_mult.tdf Line: 352
Info (12130): Elaborated megafunction instantiation "lpm_mult:Mult2" File: C:/Users/apats/OneDrive/Documents/MSc Robotics/P203/Project/iir_filter.vhd Line: 85
Info (12133): Instantiated megafunction "lpm_mult:Mult2" with the following parameter: File: C:/Users/apats/OneDrive/Documents/MSc Robotics/P203/Project/iir_filter.vhd Line: 85
    Info (12134): Parameter "LPM_WIDTHA" = "17"
    Info (12134): Parameter "LPM_WIDTHB" = "8"
    Info (12134): Parameter "LPM_WIDTHP" = "25"
    Info (12134): Parameter "LPM_WIDTHR" = "25"
    Info (12134): Parameter "LPM_WIDTHS" = "1"
    Info (12134): Parameter "LPM_REPRESENTATION" = "SIGNED"
    Info (12134): Parameter "INPUT_A_IS_CONSTANT" = "YES"
    Info (12134): Parameter "INPUT_B_IS_CONSTANT" = "NO"
    Info (12134): Parameter "MAXIMIZE_SPEED" = "5"
Info (12131): Elaborated megafunction instantiation "lpm_mult:Mult2|multcore:mult_core", which is child of megafunction instantiation "lpm_mult:Mult2" File: c:/intelfpga_lite/20.1/quartus/libraries/megafunctions/lpm_mult.tdf Line: 309
Info (12131): Elaborated megafunction instantiation "lpm_mult:Mult2|multcore:mult_core|mpar_add:padder", which is child of megafunction instantiation "lpm_mult:Mult2" File: c:/intelfpga_lite/20.1/quartus/libraries/megafunctions/multcore.tdf Line: 229
Info (12131): Elaborated megafunction instantiation "lpm_mult:Mult2|multcore:mult_core|mpar_add:padder|lpm_add_sub:adder[0]", which is child of megafunction instantiation "lpm_mult:Mult2" File: c:/intelfpga_lite/20.1/quartus/libraries/megafunctions/mpar_add.tdf Line: 115
Info (12021): Found 1 design units, including 1 entities, in source file db/add_sub_2vg.tdf
    Info (12023): Found entity 1: add_sub_2vg File: C:/Users/apats/OneDrive/Documents/MSc Robotics/P203/Project/db/add_sub_2vg.tdf Line: 23
Info (12131): Elaborated megafunction instantiation "lpm_mult:Mult2|altshift:external_latency_ffs", which is child of megafunction instantiation "lpm_mult:Mult2" File: c:/intelfpga_lite/20.1/quartus/libraries/megafunctions/lpm_mult.tdf Line: 352
Info (12130): Elaborated megafunction instantiation "lpm_mult:Mult0" File: C:/Users/apats/OneDrive/Documents/MSc Robotics/P203/Project/iir_filter.vhd Line: 81
Info (12133): Instantiated megafunction "lpm_mult:Mult0" with the following parameter: File: C:/Users/apats/OneDrive/Documents/MSc Robotics/P203/Project/iir_filter.vhd Line: 81
    Info (12134): Parameter "LPM_WIDTHA" = "17"
    Info (12134): Parameter "LPM_WIDTHB" = "8"
    Info (12134): Parameter "LPM_WIDTHP" = "25"
    Info (12134): Parameter "LPM_WIDTHR" = "25"
    Info (12134): Parameter "LPM_WIDTHS" = "1"
    Info (12134): Parameter "LPM_REPRESENTATION" = "SIGNED"
    Info (12134): Parameter "INPUT_A_IS_CONSTANT" = "YES"
    Info (12134): Parameter "INPUT_B_IS_CONSTANT" = "NO"
    Info (12134): Parameter "MAXIMIZE_SPEED" = "5"
Info (286030): Timing-Driven Synthesis is running
Info (16010): Generating hard_block partition "hard_block:auto_generated_inst"
    Info (16011): Adding 0 node(s), including 0 DDIO, 0 PLL, 0 transceiver and 0 LCELL
Info (21057): Implemented 395 device resources after synthesis - the final resource count might be different
    Info (21058): Implemented 10 input pins
    Info (21059): Implemented 8 output pins
    Info (21061): Implemented 377 logic cells
Info: Quartus Prime Analysis & Synthesis was successful. 0 errors, 5 warnings
    Info: Peak virtual memory: 4854 megabytes
    Info: Processing ended: Thu Jun 27 20:19:28 2024
    Info: Elapsed time: 00:00:09
    Info: Total CPU time (on all processors): 00:00:03


